<?xml version="1.0" encoding="UTF-8"?>
<testng-results skipped="0" failed="0" ignored="0" total="2" passed="2">
  <reporter-output>
  </reporter-output>
  <suite name="Default suite" duration-ms="29260" started-at="2021-10-12T22:58:54 CEST" finished-at="2021-10-12T22:59:23 CEST">
    <groups>
    </groups>
    <test name="Default test" duration-ms="29260" started-at="2021-10-12T22:58:54 CEST" finished-at="2021-10-12T22:59:23 CEST">
      <class name="tests.ProfileTest">
        <test-method status="PASS" signature="beforeMethod()[pri:0, instance:tests.ProfileTest@76f2b07d]" name="beforeMethod" is-config="true" duration-ms="3941" started-at="2021-10-12T22:58:54 CEST" finished-at="2021-10-12T22:58:58 CEST">
          <reporter-output>
          </reporter-output>
        </test-method> <!-- beforeMethod -->
        <test-method status="PASS" signature="changeProfileImageTest()[pri:0, instance:tests.ProfileTest@76f2b07d]" name="changeProfileImageTest" duration-ms="8449" started-at="2021-10-12T22:58:58 CEST" finished-at="2021-10-12T22:59:06 CEST">
          <reporter-output>
          </reporter-output>
        </test-method> <!-- changeProfileImageTest -->
        <test-method status="PASS" signature="afterMethod()[pri:0, instance:tests.ProfileTest@76f2b07d]" name="afterMethod" is-config="true" duration-ms="1" started-at="2021-10-12T22:59:06 CEST" finished-at="2021-10-12T22:59:06 CEST">
          <reporter-output>
          </reporter-output>
        </test-method> <!-- afterMethod -->
        <test-method status="PASS" signature="beforeMethod()[pri:0, instance:tests.ProfileTest@76f2b07d]" name="beforeMethod" is-config="true" duration-ms="3304" started-at="2021-10-12T22:59:06 CEST" finished-at="2021-10-12T22:59:10 CEST">
          <reporter-output>
          </reporter-output>
        </test-method> <!-- beforeMethod -->
        <test-method status="PASS" signature="editProfileTest()[pri:0, instance:tests.ProfileTest@76f2b07d]" name="editProfileTest" duration-ms="13498" started-at="2021-10-12T22:59:10 CEST" finished-at="2021-10-12T22:59:23 CEST">
          <reporter-output>
          </reporter-output>
        </test-method> <!-- editProfileTest -->
        <test-method status="PASS" signature="afterMethod()[pri:0, instance:tests.ProfileTest@76f2b07d]" name="afterMethod" is-config="true" duration-ms="0" started-at="2021-10-12T22:59:23 CEST" finished-at="2021-10-12T22:59:23 CEST">
          <reporter-output>
          </reporter-output>
        </test-method> <!-- afterMethod -->
      </class> <!-- tests.ProfileTest -->
    </test> <!-- Default test -->
  </suite> <!-- Default suite -->
</testng-results>
